  spBitMap.cpp
E:\Silniki\3. SetPixel\sp\spMath.h(35,9): warning C4984: 'if constexpr' is a C++17 language extension
E:\Silniki\3. SetPixel\sp\spMath.h(43,9): warning C4984: 'if constexpr' is a C++17 language extension
  spCamera.cpp
E:\Silniki\3. SetPixel\sp\spMath.h(35,9): warning C4984: 'if constexpr' is a C++17 language extension
E:\Silniki\3. SetPixel\sp\spMath.h(43,9): warning C4984: 'if constexpr' is a C++17 language extension
E:\Silniki\3. SetPixel\sp\spCamera.cpp(57,51): warning C4244: '=': conversion from 'double' to 'T', possible loss of data
          with
          [
              T=float
          ]
E:\Silniki\3. SetPixel\sp\spCamera.cpp(58,29): warning C4244: '=': conversion from 'double' to 'T', possible loss of data
          with
          [
              T=float
          ]
E:\Silniki\3. SetPixel\sp\spCamera.cpp(59,51): warning C4244: '=': conversion from 'double' to 'T', possible loss of data
          with
          [
              T=float
          ]
E:\Silniki\3. SetPixel\sp\spVector.h(199,29): warning C4244: '=': conversion from 'double' to 'T', possible loss of data
          with
          [
              T=float
          ]
E:\Silniki\3. SetPixel\sp\spVector.h(197): message : while compiling class template member function 'sp::vector3<float> sp::vector3<float>::operator *(double) const'
E:\Silniki\3. SetPixel\sp\spCamera.cpp(17): message : see reference to function template instantiation 'sp::vector3<float> sp::vector3<float>::operator *(double) const' being compiled
E:\Silniki\3. SetPixel\sp\spVector.h(251): message : see reference to class template instantiation 'sp::vector3<float>' being compiled
E:\Silniki\3. SetPixel\sp\spVector.h(200,29): warning C4244: '=': conversion from 'double' to 'T', possible loss of data
          with
          [
              T=float
          ]
E:\Silniki\3. SetPixel\sp\spVector.h(201,29): warning C4244: '=': conversion from 'double' to 'T', possible loss of data
          with
          [
              T=float
          ]
E:\Silniki\3. SetPixel\sp\spVector.h(252,34): warning C4244: '=': conversion from 'double' to 'T', possible loss of data
          with
          [
              T=float
          ]
E:\Silniki\3. SetPixel\sp\spCamera.cpp(60): message : see reference to function template instantiation 'sp::vector3f sp::getNormal<float>(sp::vector3<float>)' being compiled
E:\Silniki\3. SetPixel\sp\spVector.h(253,34): warning C4244: '=': conversion from 'double' to 'T', possible loss of data
          with
          [
              T=float
          ]
E:\Silniki\3. SetPixel\sp\spVector.h(254,34): warning C4244: '=': conversion from 'double' to 'T', possible loss of data
          with
          [
              T=float
          ]
  spClippingAlgorithms.cpp
E:\Silniki\3. SetPixel\sp\spMath.h(35,9): warning C4984: 'if constexpr' is a C++17 language extension
E:\Silniki\3. SetPixel\sp\spMath.h(43,9): warning C4984: 'if constexpr' is a C++17 language extension
E:\Silniki\3. SetPixel\sp\spClippingAlgorithms.cpp(29,36): warning C4267: 'initializing': conversion from 'size_t' to 'int', possible loss of data
E:\Silniki\3. SetPixel\sp\spClippingAlgorithms.cpp(34,42): warning C4267: 'initializing': conversion from 'size_t' to 'int', possible loss of data
E:\Silniki\3. SetPixel\sp\spVector.h(199,29): warning C4244: '=': conversion from 'double' to 'T', possible loss of data
          with
          [
              T=float
          ]
E:\Silniki\3. SetPixel\sp\spVector.h(197): message : while compiling class template member function 'sp::vector3<float> sp::vector3<float>::operator *(double) const'
E:\Silniki\3. SetPixel\sp\spClippingAlgorithms.cpp(130): message : see reference to function template instantiation 'sp::vector3<float> sp::vector3<float>::operator *(double) const' being compiled
E:\Silniki\3. SetPixel\sp\spVector.h(251): message : see reference to class template instantiation 'sp::vector3<float>' being compiled
E:\Silniki\3. SetPixel\sp\spVector.h(200,29): warning C4244: '=': conversion from 'double' to 'T', possible loss of data
          with
          [
              T=float
          ]
E:\Silniki\3. SetPixel\sp\spVector.h(201,29): warning C4244: '=': conversion from 'double' to 'T', possible loss of data
          with
          [
              T=float
          ]
  spColor.cpp
E:\Silniki\3. SetPixel\sp\spColor.cpp(50,75): warning C4244: 'argument': conversion from 'float' to 'unsigned char', possible loss of data
E:\Silniki\3. SetPixel\sp\spColor.cpp(50,54): warning C4244: 'argument': conversion from 'float' to 'unsigned char', possible loss of data
E:\Silniki\3. SetPixel\sp\spColor.cpp(50,32): warning C4244: 'argument': conversion from 'float' to 'unsigned char', possible loss of data
  spCurveLine.cpp
E:\Silniki\3. SetPixel\sp\spMath.h(35,9): warning C4984: 'if constexpr' is a C++17 language extension
E:\Silniki\3. SetPixel\sp\spMath.h(43,9): warning C4984: 'if constexpr' is a C++17 language extension
E:\Silniki\3. SetPixel\sp\spCurveLine.cpp(19,15): warning C4244: 'initializing': conversion from 'double' to 'int', possible loss of data
E:\Silniki\3. SetPixel\sp\spCurveLine.cpp(33,117): warning C4244: 'argument': conversion from 'double' to 'T', possible loss of data
          with
          [
              T=int
          ]
E:\Silniki\3. SetPixel\sp\spCurveLine.cpp(33,65): warning C4244: 'argument': conversion from 'double' to 'T', possible loss of data
          with
          [
              T=int
          ]
E:\Silniki\3. SetPixel\sp\spCurveLine.cpp(76,15): warning C4244: 'initializing': conversion from 'double' to 'int', possible loss of data
E:\Silniki\3. SetPixel\sp\spCurveLine.cpp(92,86): warning C4244: 'argument': conversion from 'double' to 'T', possible loss of data
          with
          [
              T=int
          ]
E:\Silniki\3. SetPixel\sp\spCurveLine.cpp(91,86): warning C4244: 'argument': conversion from 'double' to 'T', possible loss of data
          with
          [
              T=int
          ]
E:\Silniki\3. SetPixel\sp\spCurveLine.cpp(185,14): warning C4244: 'initializing': conversion from 'double' to 'int', possible loss of data
E:\Silniki\3. SetPixel\sp\spCurveLine.cpp(186,14): warning C4244: 'initializing': conversion from 'double' to 'int', possible loss of data
  spEvent.cpp
E:\Silniki\3. SetPixel\sp\spEvent.cpp(160,1): error C2556: 'long sp::Event::WindowProcedure(HWND,unsigned int,WPARAM,LPARAM)': overloaded function differs only by return type from 'LRESULT sp::Event::WindowProcedure(HWND,unsigned int,WPARAM,LPARAM)'
E:\Silniki\3. SetPixel\sp\spEvent.h(73): message : see declaration of 'sp::Event::WindowProcedure'
E:\Silniki\3. SetPixel\sp\spEvent.cpp(159,27): error C2371: 'sp::Event::WindowProcedure': redefinition; different basic types
E:\Silniki\3. SetPixel\sp\spEvent.h(73): message : see declaration of 'sp::Event::WindowProcedure'
E:\Silniki\3. SetPixel\sp\spEvent.cpp(188,24): warning C4244: 'initializing': conversion from 'LPARAM' to 'int', possible loss of data
E:\Silniki\3. SetPixel\sp\spEvent.cpp(197,34): warning C4244: 'argument': conversion from 'WPARAM' to 'const _Ty', possible loss of data
          with
          [
              _Ty=int
          ]
  spModelLoader.cpp
  spFragmentsMapper.cpp
E:\Silniki\3. SetPixel\sp\spMath.h(35,9): warning C4984: 'if constexpr' is a C++17 language extension
E:\Silniki\3. SetPixel\sp\spMath.h(43,9): warning C4984: 'if constexpr' is a C++17 language extension
E:\Silniki\3. SetPixel\sp\spFragmentsMapper.cpp(94,63): warning C4244: 'argument': conversion from 'double' to 'unsigned char', possible loss of data
E:\Silniki\3. SetPixel\sp\spFragmentsMapper.cpp(94,52): warning C4244: 'argument': conversion from 'double' to 'unsigned char', possible loss of data
E:\Silniki\3. SetPixel\sp\spFragmentsMapper.cpp(94,41): warning C4244: 'argument': conversion from 'double' to 'unsigned char', possible loss of data
E:\Silniki\3. SetPixel\sp\spFragmentsMapper.cpp(101,65): warning C4244: 'argument': conversion from 'const T' to 'T', possible loss of data
          with
          [
              T=int
          ]
          and
          [
              T=float
          ]
E:\Silniki\3. SetPixel\sp\spFragmentsMapper.cpp(101,50): warning C4244: 'argument': conversion from 'const T' to 'T', possible loss of data
          with
          [
              T=int
          ]
          and
          [
              T=float
          ]
E:\Silniki\3. SetPixel\sp\spFragmentsMapper.cpp(101,110): warning C4244: 'argument': conversion from 'const T' to 'T', possible loss of data
          with
          [
              T=int
          ]
          and
          [
              T=float
          ]
E:\Silniki\3. SetPixel\sp\spFragmentsMapper.cpp(101,95): warning C4244: 'argument': conversion from 'const T' to 'T', possible loss of data
          with
          [
              T=int
          ]
          and
          [
              T=float
          ]
E:\Silniki\3. SetPixel\sp\spFragmentsMapper.cpp(102,65): warning C4244: 'argument': conversion from 'const T' to 'T', possible loss of data
          with
          [
              T=int
          ]
          and
          [
              T=float
          ]
E:\Silniki\3. SetPixel\sp\spFragmentsMapper.cpp(102,50): warning C4244: 'argument': conversion from 'const T' to 'T', possible loss of data
          with
          [
              T=int
          ]
          and
          [
              T=float
          ]
E:\Silniki\3. SetPixel\sp\spFragmentsMapper.cpp(102,110): warning C4244: 'argument': conversion from 'const T' to 'T', possible loss of data
          with
          [
              T=int
          ]
          and
          [
              T=float
          ]
E:\Silniki\3. SetPixel\sp\spFragmentsMapper.cpp(102,95): warning C4244: 'argument': conversion from 'const T' to 'T', possible loss of data
          with
          [
              T=int
          ]
          and
          [
              T=float
          ]
E:\Silniki\3. SetPixel\sp\spFragmentsMapper.cpp(115,71): warning C4244: 'argument': conversion from 'T' to 'unsigned char', possible loss of data
          with
          [
              T=float
          ]
E:\Silniki\3. SetPixel\sp\spFragmentsMapper.cpp(115,56): warning C4244: 'argument': conversion from 'T' to 'unsigned char', possible loss of data
          with
          [
              T=float
          ]
E:\Silniki\3. SetPixel\sp\spFragmentsMapper.cpp(115,41): warning C4244: 'argument': conversion from 'T' to 'unsigned char', possible loss of data
          with
          [
              T=float
          ]
E:\Silniki\3. SetPixel\sp\spVector.h(199,29): warning C4244: '=': conversion from 'double' to 'T', possible loss of data
          with
          [
              T=float
          ]
E:\Silniki\3. SetPixel\sp\spVector.h(197): message : while compiling class template member function 'sp::vector3<float> sp::vector3<float>::operator *(double) const'
E:\Silniki\3. SetPixel\sp\spFragmentsMapper.cpp(112): message : see reference to function template instantiation 'sp::vector3<float> sp::vector3<float>::operator *(double) const' being compiled
E:\Silniki\3. SetPixel\sp\spVector.h(251): message : see reference to class template instantiation 'sp::vector3<float>' being compiled
E:\Silniki\3. SetPixel\sp\spVector.h(200,29): warning C4244: '=': conversion from 'double' to 'T', possible loss of data
          with
          [
              T=float
          ]
E:\Silniki\3. SetPixel\sp\spVector.h(201,29): warning C4244: '=': conversion from 'double' to 'T', possible loss of data
          with
          [
              T=float
          ]
  spKeyboard.cpp
  spLine.cpp
E:\Silniki\3. SetPixel\sp\spMath.h(35,9): warning C4984: 'if constexpr' is a C++17 language extension
E:\Silniki\3. SetPixel\sp\spMath.h(43,9): warning C4984: 'if constexpr' is a C++17 language extension
E:\Silniki\3. SetPixel\sp\spLine.cpp(12,56): warning C4244: 'argument': conversion from 'float' to 'T', possible loss of data
          with
          [
              T=int
          ]
E:\Silniki\3. SetPixel\sp\spLine.cpp(12,29): warning C4244: 'argument': conversion from 'float' to 'T', possible loss of data
          with
          [
              T=int
          ]
E:\Silniki\3. SetPixel\sp\spLine.cpp(13,60): warning C4244: 'argument': conversion from 'const _Ty' to 'T', possible loss of data
          with
          [
              _Ty=float
          ]
          and
          [
              T=int
          ]
E:\Silniki\3. SetPixel\sp\spLine.cpp(13,34): warning C4244: 'argument': conversion from 'const _Ty' to 'T', possible loss of data
          with
          [
              _Ty=float
          ]
          and
          [
              T=int
          ]
E:\Silniki\3. SetPixel\sp\spLine.cpp(29,14): warning C4244: 'initializing': conversion from 'double' to 'int', possible loss of data
E:\Silniki\3. SetPixel\sp\spLine.cpp(30,14): warning C4244: 'initializing': conversion from 'double' to 'int', possible loss of data
E:\Silniki\3. SetPixel\sp\spLine.cpp(213,19): warning C4244: 'initializing': conversion from 'double' to 'int', possible loss of data
E:\Silniki\3. SetPixel\sp\spLine.cpp(216,14): warning C4244: 'initializing': conversion from 'double' to 'int', possible loss of data
E:\Silniki\3. SetPixel\sp\spLine.cpp(218,20): warning C4244: 'initializing': conversion from 'double' to 'int', possible loss of data
E:\Silniki\3. SetPixel\sp\spLine.cpp(247,19): warning C4244: 'initializing': conversion from 'double' to 'int', possible loss of data
E:\Silniki\3. SetPixel\sp\spLine.cpp(250,14): warning C4244: 'initializing': conversion from 'double' to 'int', possible loss of data
E:\Silniki\3. SetPixel\sp\spLine.cpp(252,20): warning C4244: 'initializing': conversion from 'double' to 'int', possible loss of data
  spMath.cpp
E:\Silniki\3. SetPixel\sp\spMath.h(35,9): warning C4984: 'if constexpr' is a C++17 language extension
E:\Silniki\3. SetPixel\sp\spMath.h(43,9): warning C4984: 'if constexpr' is a C++17 language extension
E:\Silniki\3. SetPixel\sp\spMath.cpp(19,93): warning C4244: 'argument': conversion from 'float' to 'T', possible loss of data
          with
          [
              T=int
          ]
E:\Silniki\3. SetPixel\sp\spMath.cpp(19,51): warning C4244: 'argument': conversion from 'float' to 'T', possible loss of data
          with
          [
              T=int
          ]
E:\Silniki\3. SetPixel\sp\spMath.cpp(25,85): warning C4244: 'argument': conversion from 'T' to 'T', possible loss of data
          with
          [
              T=float
          ]
          and
          [
              T=int
          ]
E:\Silniki\3. SetPixel\sp\spMath.cpp(25,54): warning C4244: 'argument': conversion from 'T' to 'T', possible loss of data
          with
          [
              T=float
          ]
          and
          [
              T=int
          ]
  spMatrix.cpp
E:\Silniki\3. SetPixel\sp\spMath.h(35,9): warning C4984: 'if constexpr' is a C++17 language extension
E:\Silniki\3. SetPixel\sp\spMath.h(43,9): warning C4984: 'if constexpr' is a C++17 language extension
E:\Silniki\3. SetPixel\sp\spMatrix.cpp(309,62): warning C4244: 'argument': conversion from 'double' to 'T', possible loss of data
          with
          [
              T=float
          ]
E:\Silniki\3. SetPixel\sp\spMatrix.cpp(309,48): warning C4244: 'argument': conversion from 'double' to 'T', possible loss of data
          with
          [
              T=float
          ]
E:\Silniki\3. SetPixel\sp\spMatrix.cpp(309,34): warning C4244: 'argument': conversion from 'double' to 'T', possible loss of data
          with
          [
              T=float
          ]
E:\Silniki\3. SetPixel\sp\spMatrix.cpp(345,102): warning C4244: '=': conversion from 'double' to 'T', possible loss of data
          with
          [
              T=float
          ]
E:\Silniki\3. SetPixel\sp\spMatrix.cpp(346,102): warning C4244: '=': conversion from 'double' to 'T', possible loss of data
          with
          [
              T=float
          ]
E:\Silniki\3. SetPixel\sp\spMatrix.cpp(360,145): warning C4244: '=': conversion from 'double' to 'T', possible loss of data
          with
          [
              T=float
          ]
E:\Silniki\3. SetPixel\sp\spMatrix.cpp(361,145): warning C4244: '=': conversion from 'double' to 'T', possible loss of data
          with
          [
              T=float
          ]
E:\Silniki\3. SetPixel\sp\spMatrix.cpp(362,145): warning C4244: '=': conversion from 'double' to 'T', possible loss of data
          with
          [
              T=float
          ]
E:\Silniki\3. SetPixel\sp\spMatrix.cpp(365,20): warning C4244: '/=': conversion from 'double' to 'T', possible loss of data
          with
          [
              T=float
          ]
E:\Silniki\3. SetPixel\sp\spMatrix.cpp(366,20): warning C4244: '/=': conversion from 'double' to 'T', possible loss of data
          with
          [
              T=float
          ]
E:\Silniki\3. SetPixel\sp\spMatrix.cpp(367,20): warning C4244: '/=': conversion from 'double' to 'T', possible loss of data
          with
          [
              T=float
          ]
E:\Silniki\3. SetPixel\sp\spMatrix.cpp(381,145): warning C4244: '=': conversion from 'double' to 'T', possible loss of data
          with
          [
              T=float
          ]
E:\Silniki\3. SetPixel\sp\spMatrix.cpp(382,145): warning C4244: '=': conversion from 'double' to 'T', possible loss of data
          with
          [
              T=float
          ]
E:\Silniki\3. SetPixel\sp\spMatrix.cpp(383,145): warning C4244: '=': conversion from 'double' to 'T', possible loss of data
          with
          [
              T=float
          ]
E:\Silniki\3. SetPixel\sp\spMatrix.cpp(386,20): warning C4244: '/=': conversion from 'double' to 'T', possible loss of data
          with
          [
              T=float
          ]
E:\Silniki\3. SetPixel\sp\spMatrix.cpp(387,20): warning C4244: '/=': conversion from 'double' to 'T', possible loss of data
          with
          [
              T=float
          ]
E:\Silniki\3. SetPixel\sp\spMatrix.cpp(388,20): warning C4244: '/=': conversion from 'double' to 'T', possible loss of data
          with
          [
              T=float
          ]
E:\Silniki\3. SetPixel\sp\spVector.h(252,34): warning C4244: '=': conversion from 'double' to 'T', possible loss of data
          with
          [
              T=float
          ]
E:\Silniki\3. SetPixel\sp\spMatrix.cpp(278): message : see reference to function template instantiation 'sp::vector3f sp::getNormal<float>(sp::vector3<float>)' being compiled
E:\Silniki\3. SetPixel\sp\spVector.h(253,34): warning C4244: '=': conversion from 'double' to 'T', possible loss of data
          with
          [
              T=float
          ]
E:\Silniki\3. SetPixel\sp\spVector.h(254,34): warning C4244: '=': conversion from 'double' to 'T', possible loss of data
          with
          [
              T=float
          ]
  spModel.cpp
E:\Silniki\3. SetPixel\sp\spMath.h(35,9): warning C4984: 'if constexpr' is a C++17 language extension
E:\Silniki\3. SetPixel\sp\spMath.h(43,9): warning C4984: 'if constexpr' is a C++17 language extension
E:\Silniki\3. SetPixel\sp\spModel.cpp(13,33): warning C4267: 'initializing': conversion from 'size_t' to 'int', possible loss of data
  spMouse.cpp
  spPixel.cpp
E:\Silniki\3. SetPixel\sp\spMath.h(35,9): warning C4984: 'if constexpr' is a C++17 language extension
E:\Silniki\3. SetPixel\sp\spMath.h(43,9): warning C4984: 'if constexpr' is a C++17 language extension
  spRenderer.cpp
E:\Silniki\3. SetPixel\sp\spMath.h(35,9): warning C4984: 'if constexpr' is a C++17 language extension
E:\Silniki\3. SetPixel\sp\spMath.h(43,9): warning C4984: 'if constexpr' is a C++17 language extension
E:\Silniki\3. SetPixel\sp\spRenderer.cpp(358,35): warning C4018: '<': signed/unsigned mismatch
E:\Silniki\3. SetPixel\sp\spRenderer.cpp(362,39): warning C4018: '<': signed/unsigned mismatch
E:\Silniki\3. SetPixel\sp\spRenderer.cpp(405,26): warning C4018: '<': signed/unsigned mismatch
E:\Silniki\3. SetPixel\sp\spRenderer.cpp(408,30): warning C4018: '<': signed/unsigned mismatch
E:\Silniki\3. SetPixel\sp\spRenderer.cpp(490,21): warning C4244: 'initializing': conversion from '_Rep' to 'int', possible loss of data
          with
          [
              _Rep=__int64
          ]
E:\Silniki\3. SetPixel\sp\spRenderer.cpp(493,25): warning C4244: '=': conversion from 'float' to 'int', possible loss of data
E:\Silniki\3. SetPixel\sp\spRenderer.cpp(495,17): warning C4244: '=': conversion from 'float' to 'int', possible loss of data
E:\Silniki\3. SetPixel\sp\spRenderer.cpp(508,37): warning C4244: 'argument': conversion from 'int' to 'Gdiplus::REAL', possible loss of data
E:\Silniki\3. SetPixel\sp\spRenderer.cpp(515,35): warning C4267: 'initializing': conversion from 'size_t' to 'int', possible loss of data
  spRendererBase.cpp
E:\Silniki\3. SetPixel\sp\spMath.h(35,9): warning C4984: 'if constexpr' is a C++17 language extension
E:\Silniki\3. SetPixel\sp\spMath.h(43,9): warning C4984: 'if constexpr' is a C++17 language extension
  spShapes.cpp
E:\Silniki\3. SetPixel\sp\spMath.h(35,9): warning C4984: 'if constexpr' is a C++17 language extension
E:\Silniki\3. SetPixel\sp\spMath.h(43,9): warning C4984: 'if constexpr' is a C++17 language extension
E:\Silniki\3. SetPixel\sp\spShapes.cpp(58,77): warning C4244: 'argument': conversion from 'double' to 'T', possible loss of data
          with
          [
              T=float
          ]
E:\Silniki\3. SetPixel\sp\spShapes.cpp(58,69): warning C4244: 'argument': conversion from 'double' to 'T', possible loss of data
          with
          [
              T=float
          ]
E:\Silniki\3. SetPixel\sp\spShapes.cpp(60,77): warning C4244: 'argument': conversion from 'double' to 'T', possible loss of data
          with
          [
              T=float
          ]
E:\Silniki\3. SetPixel\sp\spShapes.cpp(60,69): warning C4244: 'argument': conversion from 'double' to 'T', possible loss of data
          with
          [
              T=float
          ]
E:\Silniki\3. SetPixel\sp\spShapes.cpp(146,88): warning C4244: 'argument': conversion from 'double' to 'T', possible loss of data
          with
          [
              T=float
          ]
E:\Silniki\3. SetPixel\sp\spShapes.cpp(146,79): warning C4244: 'argument': conversion from 'double' to 'T', possible loss of data
          with
          [
              T=float
          ]
  spVector.cpp
  spWindow.cpp
E:\Silniki\3. SetPixel\sp\spMath.h(35,9): warning C4984: 'if constexpr' is a C++17 language extension
E:\Silniki\3. SetPixel\sp\spMath.h(43,9): warning C4984: 'if constexpr' is a C++17 language extension
E:\Silniki\3. SetPixel\sp\spWindow.cpp(390,40): warning C4267: 'return': conversion from 'size_t' to 'int', possible loss of data
  Compiling...
  spWindowBase.cpp
  main.cpp
E:\Silniki\3. SetPixel\Windows\SetPixel\SandBoxOne.h(2,10): fatal error C1083: Cannot open include file: 'setPixel.h': No such file or directory
  SandBoxOne.cpp
E:\Silniki\3. SetPixel\Windows\SetPixel\SandBoxOne.h(2,10): fatal error C1083: Cannot open include file: 'setPixel.h': No such file or directory
  SandBoxThree.cpp
E:\Silniki\3. SetPixel\Windows\SetPixel\SandBoxThree.h(2,10): fatal error C1083: Cannot open include file: 'setPixel.h': No such file or directory
  SandBoxTwo.cpp
E:\Silniki\3. SetPixel\Windows\SetPixel\SandBoxTwo.h(2,10): fatal error C1083: Cannot open include file: 'setPixel.h': No such file or directory
